[debug] [2024-07-11T18:25:39.669Z] ----------------------------------------------------------------------
[debug] [2024-07-11T18:25:39.677Z] Command:       C:\Users\Maximiliano Acri\.nvm\versions\node\v20.15.1\bin\node.exe C:\Users\Maximiliano Acri\.nvm\versions\node\v20.15.1\bin\node_modules\firebase-tools\lib\bin\firebase.js init
[debug] [2024-07-11T18:25:39.678Z] CLI Version:   13.13.1
[debug] [2024-07-11T18:25:39.678Z] Platform:      win32
[debug] [2024-07-11T18:25:39.679Z] Node Version:  v20.15.1
[debug] [2024-07-11T18:25:39.679Z] Time:          Thu Jul 11 2024 15:25:39 GMT-0300 (hora estándar de Argentina)
[debug] [2024-07-11T18:25:39.680Z] ----------------------------------------------------------------------
[debug] 
[debug] [2024-07-11T18:25:39.692Z] > command requires scopes: ["email","openid","https://www.googleapis.com/auth/cloudplatformprojects.readonly","https://www.googleapis.com/auth/firebase","https://www.googleapis.com/auth/cloud-platform"]
[debug] [2024-07-11T18:25:39.694Z] > authorizing via signed-in user (maximilianoacri1@gmail.com)
[info] 
     ######## #### ########  ######## ########     ###     ######  ########
     ##        ##  ##     ## ##       ##     ##  ##   ##  ##       ##
     ######    ##  ########  ######   ########  #########  ######  ######
     ##        ##  ##    ##  ##       ##     ## ##     ##       ## ##
     ##       #### ##     ## ######## ########  ##     ##  ######  ########

You're about to initialize a Firebase project in this directory:

  C:\Users\Maximiliano Acri\Desktop\GRCshield

[info] 
=== Project Setup
[info] 
[info] First, let's associate this project directory with a Firebase project.
[info] You can create multiple project aliases by running firebase use --add, 
[info] but for now we'll just set up a default project.
[info] 
[debug] [2024-07-11T18:26:22.200Z] >>> [apiv2][query] GET https://firebase.googleapis.com/v1beta1/availableProjects pageSize=100
[debug] [2024-07-11T18:26:23.250Z] <<< [apiv2][status] GET https://firebase.googleapis.com/v1beta1/availableProjects 200
[debug] [2024-07-11T18:26:23.250Z] <<< [apiv2][body] GET https://firebase.googleapis.com/v1beta1/availableProjects [omitted]
