[debug] [2024-07-11T16:09:44.579Z] ----------------------------------------------------------------------
[debug] [2024-07-11T16:09:44.584Z] Command:       C:\Users\Maximiliano Acri\.nvm\versions\node\v20.15.1\bin\node.exe C:\Users\Maximiliano Acri\.nvm\versions\node\v20.15.1\bin\node_modules\firebase-tools\lib\bin\firebase.js init
[debug] [2024-07-11T16:09:44.585Z] CLI Version:   13.13.1
[debug] [2024-07-11T16:09:44.585Z] Platform:      win32
[debug] [2024-07-11T16:09:44.585Z] Node Version:  v20.15.1
[debug] [2024-07-11T16:09:44.585Z] Time:          Thu Jul 11 2024 13:09:44 GMT-0300 (hora estándar de Argentina)
[debug] [2024-07-11T16:09:44.586Z] ----------------------------------------------------------------------
[debug] 
[debug] [2024-07-11T16:09:44.597Z] > command requires scopes: ["email","openid","https://www.googleapis.com/auth/cloudplatformprojects.readonly","https://www.googleapis.com/auth/firebase","https://www.googleapis.com/auth/cloud-platform"]
[debug] [2024-07-11T16:09:44.598Z] > authorizing via signed-in user (maximilianoacri1@gmail.com)
[info] 
     ######## #### ########  ######## ########     ###     ######  ########
     ##        ##  ##     ## ##       ##     ##  ##   ##  ##       ##
     ######    ##  ########  ######   ########  #########  ######  ######
     ##        ##  ##    ##  ##       ##     ## ##     ##       ## ##
     ##       #### ##     ## ######## ########  ##     ##  ######  ########

You're about to initialize a Firebase project in this directory:

  C:\Users\Maximiliano Acri\Desktop\GRCshield

[info] 
=== Project Setup
[info] 
[info] First, let's associate this project directory with a Firebase project.
[info] You can create multiple project aliases by running firebase use --add, 
[info] but for now we'll just set up a default project.
[info] 
[debug] [2024-07-11T16:10:12.279Z] >>> [apiv2][query] GET https://firebase.googleapis.com/v1beta1/projects pageSize=100
[debug] [2024-07-11T16:10:12.961Z] <<< [apiv2][status] GET https://firebase.googleapis.com/v1beta1/projects 200
[debug] [2024-07-11T16:10:12.961Z] <<< [apiv2][body] GET https://firebase.googleapis.com/v1beta1/projects [omitted]
[info] i  Using project ultradeeptech (ultradeeptech) 
[info] 
=== Database Setup
[info] i  database: ensuring required API firebasedatabase.googleapis.com is enabled... 
[debug] [2024-07-11T16:10:14.245Z] >>> [apiv2][query] GET https://serviceusage.googleapis.com/v1/projects/ultradeeptech/services/firebasedatabase.googleapis.com [none]
[debug] [2024-07-11T16:10:14.245Z] >>> [apiv2][(partial)header] GET https://serviceusage.googleapis.com/v1/projects/ultradeeptech/services/firebasedatabase.googleapis.com x-goog-quota-user=projects/ultradeeptech
[debug] [2024-07-11T16:10:15.406Z] <<< [apiv2][status] GET https://serviceusage.googleapis.com/v1/projects/ultradeeptech/services/firebasedatabase.googleapis.com 200
[debug] [2024-07-11T16:10:15.406Z] <<< [apiv2][body] GET https://serviceusage.googleapis.com/v1/projects/ultradeeptech/services/firebasedatabase.googleapis.com [omitted]
[info] +  database: required API firebasedatabase.googleapis.com is enabled 
[info] 
[debug] [2024-07-11T16:10:15.408Z] >>> [apiv2][query] GET https://firebasedatabase.googleapis.com/v1beta/projects/ultradeeptech/locations/-/instances/ultradeeptech-default-rtdb [none]
[debug] [2024-07-11T16:10:16.558Z] <<< [apiv2][status] GET https://firebasedatabase.googleapis.com/v1beta/projects/ultradeeptech/locations/-/instances/ultradeeptech-default-rtdb 200
[debug] [2024-07-11T16:10:16.559Z] <<< [apiv2][body] GET https://firebasedatabase.googleapis.com/v1beta/projects/ultradeeptech/locations/-/instances/ultradeeptech-default-rtdb {"name":"projects/934866038204/locations/us-central1/instances/ultradeeptech-default-rtdb","project":"projects/934866038204","databaseUrl":"https://ultradeeptech-default-rtdb.firebaseio.com","type":"DEFAULT_DATABASE","state":"ACTIVE"}
[info] 
[info] Firebase Realtime Database Security Rules allow you to define how your data should be
[info] structured and when your data can be read from and written to.
[info] 
[debug] [2024-07-11T16:10:24.088Z] >>> [apiv2][query] GET https://ultradeeptech-default-rtdb.firebaseio.com/.settings/rules.json [none]
[debug] [2024-07-11T16:10:24.603Z] <<< [apiv2][status] GET https://ultradeeptech-default-rtdb.firebaseio.com/.settings/rules.json 200
[debug] [2024-07-11T16:10:24.603Z] <<< [apiv2][body] GET https://ultradeeptech-default-rtdb.firebaseio.com/.settings/rules.json [stream]
[info] +  Database Rules for ultradeeptech-default-rtdb have been written to database.rules.json. 
[info] Future modifications to database.rules.json will update Realtime Database Security Rules when you run
[info] firebase deploy.
[info] 
=== Firestore Setup
[debug] [2024-07-11T16:10:24.608Z] >>> [apiv2][query] GET https://serviceusage.googleapis.com/v1/projects/ultradeeptech/services/firestore.googleapis.com [none]
[debug] [2024-07-11T16:10:24.608Z] >>> [apiv2][(partial)header] GET https://serviceusage.googleapis.com/v1/projects/ultradeeptech/services/firestore.googleapis.com x-goog-quota-user=projects/ultradeeptech
[debug] [2024-07-11T16:10:25.791Z] <<< [apiv2][status] GET https://serviceusage.googleapis.com/v1/projects/ultradeeptech/services/firestore.googleapis.com 200
[debug] [2024-07-11T16:10:25.792Z] <<< [apiv2][body] GET https://serviceusage.googleapis.com/v1/projects/ultradeeptech/services/firestore.googleapis.com [omitted]
[debug] [2024-07-11T16:10:25.793Z] >>> [apiv2][query] GET https://firestore.googleapis.com/v1/projects/ultradeeptech/databases/(default) [none]
[debug] [2024-07-11T16:10:26.858Z] <<< [apiv2][status] GET https://firestore.googleapis.com/v1/projects/ultradeeptech/databases/(default) 200
[debug] [2024-07-11T16:10:26.859Z] <<< [apiv2][body] GET https://firestore.googleapis.com/v1/projects/ultradeeptech/databases/(default) {"name":"projects/ultradeeptech/databases/(default)","uid":"26d25bdd-9628-4895-b085-e58f1a50cbc5","createTime":"2024-07-11T14:46:10.992309Z","updateTime":"2024-07-11T14:46:10.992309Z","locationId":"nam5","type":"FIRESTORE_NATIVE","concurrencyMode":"PESSIMISTIC","versionRetentionPeriod":"3600s","earliestVersionTime":"2024-07-11T15:10:27.443832Z","appEngineIntegrationMode":"DISABLED","keyPrefix":"s","pointInTimeRecoveryEnablement":"POINT_IN_TIME_RECOVERY_DISABLED","deleteProtectionState":"DELETE_PROTECTION_DISABLED","etag":"IIjKpYKwn4cDMOuSsYinn4cD"}
[debug] [2024-07-11T16:10:26.859Z] database_type: FIRESTORE_NATIVE
[debug] [2024-07-11T16:10:26.859Z] > command requires scopes: ["email","openid","https://www.googleapis.com/auth/cloudplatformprojects.readonly","https://www.googleapis.com/auth/firebase","https://www.googleapis.com/auth/cloud-platform"]
[debug] [2024-07-11T16:10:26.860Z] > authorizing via signed-in user (maximilianoacri1@gmail.com)
[debug] [2024-07-11T16:10:26.860Z] [iam] checking project ultradeeptech for permissions ["firebase.projects.get"]
[debug] [2024-07-11T16:10:26.861Z] >>> [apiv2][query] POST https://cloudresourcemanager.googleapis.com/v1/projects/ultradeeptech:testIamPermissions [none]
[debug] [2024-07-11T16:10:26.861Z] >>> [apiv2][(partial)header] POST https://cloudresourcemanager.googleapis.com/v1/projects/ultradeeptech:testIamPermissions x-goog-quota-user=projects/ultradeeptech
[debug] [2024-07-11T16:10:26.861Z] >>> [apiv2][body] POST https://cloudresourcemanager.googleapis.com/v1/projects/ultradeeptech:testIamPermissions {"permissions":["firebase.projects.get"]}
[debug] [2024-07-11T16:10:27.781Z] <<< [apiv2][status] POST https://cloudresourcemanager.googleapis.com/v1/projects/ultradeeptech:testIamPermissions 200
[debug] [2024-07-11T16:10:27.782Z] <<< [apiv2][body] POST https://cloudresourcemanager.googleapis.com/v1/projects/ultradeeptech:testIamPermissions {"permissions":["firebase.projects.get"]}
[info] 
[info] Firestore Security Rules allow you to define how and when to allow
[info] requests. You can keep these rules in your project directory
[info] and publish them with firebase deploy.
[info] 
[debug] [2024-07-11T16:10:32.829Z] >>> [apiv2][query] GET https://firebaserules.googleapis.com/v1/projects/ultradeeptech/releases pageSize=10&pageToken=
[debug] [2024-07-11T16:10:34.032Z] <<< [apiv2][status] GET https://firebaserules.googleapis.com/v1/projects/ultradeeptech/releases 200
[debug] [2024-07-11T16:10:34.033Z] <<< [apiv2][body] GET https://firebaserules.googleapis.com/v1/projects/ultradeeptech/releases {"releases":[{"name":"projects/ultradeeptech/releases/cloud.firestore","rulesetName":"projects/ultradeeptech/rulesets/419ca50d-b55a-4e55-944c-cfab4dfbec70","createTime":"2024-07-11T14:46:38.001853Z","updateTime":"2024-07-11T14:46:38.001853Z"}]}
[debug] [2024-07-11T16:10:34.034Z] Found ruleset: projects/ultradeeptech/rulesets/419ca50d-b55a-4e55-944c-cfab4dfbec70
[debug] [2024-07-11T16:10:34.035Z] >>> [apiv2][query] GET https://firebaserules.googleapis.com/v1/projects/ultradeeptech/rulesets/419ca50d-b55a-4e55-944c-cfab4dfbec70 [none]
[debug] [2024-07-11T16:10:34.932Z] <<< [apiv2][status] GET https://firebaserules.googleapis.com/v1/projects/ultradeeptech/rulesets/419ca50d-b55a-4e55-944c-cfab4dfbec70 200
[debug] [2024-07-11T16:10:34.932Z] <<< [apiv2][body] GET https://firebaserules.googleapis.com/v1/projects/ultradeeptech/rulesets/419ca50d-b55a-4e55-944c-cfab4dfbec70 [omitted]
[info] 
[info] Firestore indexes allow you to perform complex queries while
[info] maintaining performance that scales with the size of the result
[info] set. You can keep index definitions in your project directory
[info] and publish them with firebase deploy.
[info] 
[debug] [2024-07-11T16:10:42.117Z] >>> [apiv2][query] GET https://firestore.googleapis.com/v1/projects/ultradeeptech/databases/(default)/collectionGroups/-/indexes [none]
[debug] [2024-07-11T16:10:42.121Z] >>> [apiv2][query] GET https://firestore.googleapis.com/v1/projects/ultradeeptech/databases/(default)/collectionGroups/-/fields?filter=indexConfig.usesAncestorConfig=false OR ttlConfig:* [none]
[debug] [2024-07-11T16:10:43.160Z] <<< [apiv2][status] GET https://firestore.googleapis.com/v1/projects/ultradeeptech/databases/(default)/collectionGroups/-/fields?filter=indexConfig.usesAncestorConfig=false OR ttlConfig:* 200
[debug] [2024-07-11T16:10:43.161Z] <<< [apiv2][body] GET https://firestore.googleapis.com/v1/projects/ultradeeptech/databases/(default)/collectionGroups/-/fields?filter=indexConfig.usesAncestorConfig=false OR ttlConfig:* {"fields":[{"name":"projects/ultradeeptech/databases/(default)/collectionGroups/__default__/fields/*","indexConfig":{"indexes":[{"queryScope":"COLLECTION","fields":[{"fieldPath":"*","order":"ASCENDING"}],"state":"READY"},{"queryScope":"COLLECTION","fields":[{"fieldPath":"*","order":"DESCENDING"}],"state":"READY"},{"queryScope":"COLLECTION","fields":[{"fieldPath":"*","arrayConfig":"CONTAINS"}],"state":"READY"}]}}]}
[debug] [2024-07-11T16:10:43.177Z] <<< [apiv2][status] GET https://firestore.googleapis.com/v1/projects/ultradeeptech/databases/(default)/collectionGroups/-/indexes 200
[debug] [2024-07-11T16:10:43.177Z] <<< [apiv2][body] GET https://firestore.googleapis.com/v1/projects/ultradeeptech/databases/(default)/collectionGroups/-/indexes {}
[info] 
=== Functions Setup
[debug] [2024-07-11T16:10:43.180Z] > command requires scopes: ["email","openid","https://www.googleapis.com/auth/cloudplatformprojects.readonly","https://www.googleapis.com/auth/firebase","https://www.googleapis.com/auth/cloud-platform"]
[debug] [2024-07-11T16:10:43.180Z] > authorizing via signed-in user (maximilianoacri1@gmail.com)
[debug] [2024-07-11T16:10:43.180Z] [iam] checking project ultradeeptech for permissions ["firebase.projects.get"]
[debug] [2024-07-11T16:10:43.181Z] >>> [apiv2][query] POST https://cloudresourcemanager.googleapis.com/v1/projects/ultradeeptech:testIamPermissions [none]
[debug] [2024-07-11T16:10:43.181Z] >>> [apiv2][(partial)header] POST https://cloudresourcemanager.googleapis.com/v1/projects/ultradeeptech:testIamPermissions x-goog-quota-user=projects/ultradeeptech
[debug] [2024-07-11T16:10:43.181Z] >>> [apiv2][body] POST https://cloudresourcemanager.googleapis.com/v1/projects/ultradeeptech:testIamPermissions {"permissions":["firebase.projects.get"]}
[debug] [2024-07-11T16:10:44.013Z] <<< [apiv2][status] POST https://cloudresourcemanager.googleapis.com/v1/projects/ultradeeptech:testIamPermissions 200
[debug] [2024-07-11T16:10:44.013Z] <<< [apiv2][body] POST https://cloudresourcemanager.googleapis.com/v1/projects/ultradeeptech:testIamPermissions {"permissions":["firebase.projects.get"]}
[debug] [2024-07-11T16:10:44.013Z] >>> [apiv2][query] GET https://serviceusage.googleapis.com/v1/projects/ultradeeptech/services/cloudfunctions.googleapis.com [none]
[debug] [2024-07-11T16:10:44.013Z] >>> [apiv2][(partial)header] GET https://serviceusage.googleapis.com/v1/projects/ultradeeptech/services/cloudfunctions.googleapis.com x-goog-quota-user=projects/ultradeeptech
[debug] [2024-07-11T16:10:44.017Z] >>> [apiv2][query] GET https://serviceusage.googleapis.com/v1/projects/ultradeeptech/services/runtimeconfig.googleapis.com [none]
[debug] [2024-07-11T16:10:44.017Z] >>> [apiv2][(partial)header] GET https://serviceusage.googleapis.com/v1/projects/ultradeeptech/services/runtimeconfig.googleapis.com x-goog-quota-user=projects/ultradeeptech
[debug] [2024-07-11T16:10:45.078Z] <<< [apiv2][status] GET https://serviceusage.googleapis.com/v1/projects/ultradeeptech/services/runtimeconfig.googleapis.com 200
[debug] [2024-07-11T16:10:45.078Z] <<< [apiv2][body] GET https://serviceusage.googleapis.com/v1/projects/ultradeeptech/services/runtimeconfig.googleapis.com [omitted]
[debug] [2024-07-11T16:10:45.087Z] <<< [apiv2][status] GET https://serviceusage.googleapis.com/v1/projects/ultradeeptech/services/cloudfunctions.googleapis.com 200
[debug] [2024-07-11T16:10:45.087Z] <<< [apiv2][body] GET https://serviceusage.googleapis.com/v1/projects/ultradeeptech/services/cloudfunctions.googleapis.com [omitted]
[info] Let's create a new codebase for your functions.
[info] A directory corresponding to the codebase will be created in your project
[info] with sample code pre-configured.

[info] See https://firebase.google.com/docs/functions/organize-functions for
[info] more information on organizing your functions using codebases.

[info] Functions can be deployed with firebase deploy.

[info] +  Wrote functions/package.json 
[info] +  Wrote functions/.eslintrc.js 
[info] +  Wrote functions/index.js 
[info] +  Wrote functions/.gitignore 
[info] 
=== Hosting Setup
[debug] [2024-07-11T16:11:07.815Z] >>> [apiv2][query] GET https://firebase.googleapis.com/v1beta1/projects/ultradeeptech [none]
[debug] [2024-07-11T16:11:08.175Z] <<< [apiv2][status] GET https://firebase.googleapis.com/v1beta1/projects/ultradeeptech 200
[debug] [2024-07-11T16:11:08.175Z] <<< [apiv2][body] GET https://firebase.googleapis.com/v1beta1/projects/ultradeeptech {"projectId":"ultradeeptech","projectNumber":"934866038204","displayName":"ultradeeptech","name":"projects/ultradeeptech","resources":{"hostingSite":"ultradeeptech","realtimeDatabaseInstance":"ultradeeptech-default-rtdb"},"state":"ACTIVE","etag":"1_921a69d8-af80-41ef-bea1-b1f9e9f3df25"}
[info] 
[info] Your public directory is the folder (relative to your project directory) that
[info] will contain Hosting assets to be uploaded with firebase deploy. If you
[info] have a build process for your assets, use your build's output directory.
[info] 
[info] +  Wrote y/404.html 
[debug] [2024-07-11T16:11:20.719Z] >>> [apiv2][query] GET https://www.gstatic.com/firebasejs/releases.json [none]
[debug] [2024-07-11T16:11:20.843Z] <<< [apiv2][status] GET https://www.gstatic.com/firebasejs/releases.json 200
[debug] [2024-07-11T16:11:20.844Z] <<< [apiv2][body] GET https://www.gstatic.com/firebasejs/releases.json {"current":{"version":"10.12.3","browserURL":"https://www.gstatic.com/firebasejs/10.12.3/firebase.js","packageURL":"https://www.gstatic.com/firebasejs/10.12.3/firebase.tgz"},"live":{"version":"10.12","browserURL":"https://www.gstatic.com/firebasejs/live/10.12/firebase.js","packageURL":"https://www.gstatic.com/firebasejs/live/10.12/firebase.tgz"},"components":{"analytics":"https://www.gstatic.com/firebasejs/10.12.3/firebase-analytics.js","app":"https://www.gstatic.com/firebasejs/10.12.3/firebase-app.js","app-check":"https://www.gstatic.com/firebasejs/10.12.3/firebase-app-check.js","auth":"https://www.gstatic.com/firebasejs/10.12.3/firebase-auth.js","auth/cordova":"https://www.gstatic.com/firebasejs/10.12.3/firebase-auth/cordova.js","auth/web-extension":"https://www.gstatic.com/firebasejs/10.12.3/firebase-auth/web-extension.js","functions":"https://www.gstatic.com/firebasejs/10.12.3/firebase-functions.js","firestore":"https://www.gstatic.com/firebasejs/10.12.3/firebase-firestore.js","firestore/lite":"https://www.gstatic.com/firebasejs/10.12.3/firebase-firestore/lite.js","installations":"https://www.gstatic.com/firebasejs/10.12.3/firebase-installations.js","storage":"https://www.gstatic.com/firebasejs/10.12.3/firebase-storage.js","performance":"https://www.gstatic.com/firebasejs/10.12.3/firebase-performance.js","remote-config":"https://www.gstatic.com/firebasejs/10.12.3/firebase-remote-config.js","messaging":"https://www.gstatic.com/firebasejs/10.12.3/firebase-messaging.js","messaging/sw":"https://www.gstatic.com/firebasejs/10.12.3/firebase-messaging/sw.js","database":"https://www.gstatic.com/firebasejs/10.12.3/firebase-database.js","vertexai-preview":"https://www.gstatic.com/firebasejs/10.12.3/firebase-vertexai-preview.js","firestore.memory":"https://www.gstatic.com/firebasejs/10.12.3/firebase-firestore.memory.js"}}
[info] +  Wrote y/index.html 
[info] 
[info] i  Detected a .git folder at C:\Users\Maximiliano Acri\Desktop\GRCshield 
[info] i  Authorizing with GitHub to upload your service account to a GitHub repository's secrets store. 
[info] 
[info] Visit this URL on this device to log in:
[info] https://github.com/login/oauth/authorize?client_id=89cf50f02ac6aaed3484&state=950162596&redirect_uri=http%3A%2F%2Flocalhost%3A9005&scope=read%3Auser%20repo%20public_repo
[info] 
[info] Waiting for authentication...
[debug] [2024-07-11T16:11:21.651Z] >>> [apiv2][query] POST https://github.com/login/oauth/access_token [none]
[debug] [2024-07-11T16:11:21.651Z] >>> [apiv2][body] POST https://github.com/login/oauth/access_token [stream]
[debug] [2024-07-11T16:11:22.083Z] <<< [apiv2][status] POST https://github.com/login/oauth/access_token 200
[debug] [2024-07-11T16:11:22.083Z] <<< [apiv2][body] POST https://github.com/login/oauth/access_token {"access_token":"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","token_type":"bearer","scope":"read:user,repo"}
[debug] [2024-07-11T16:11:22.094Z] >>> [apiv2][query] GET https://api.github.com/user [none]
[debug] [2024-07-11T16:11:22.580Z] <<< [apiv2][status] GET https://api.github.com/user 200
[debug] [2024-07-11T16:11:22.580Z] <<< [apiv2][body] GET https://api.github.com/user {"login":"MaximilianoAcri","id":111093853,"node_id":"U_kgDOBp8oXQ","avatar_url":"https://avatars.githubusercontent.com/u/111093853?v=4","gravatar_id":"","url":"https://api.github.com/users/MaximilianoAcri","html_url":"https://github.com/MaximilianoAcri","followers_url":"https://api.github.com/users/MaximilianoAcri/followers","following_url":"https://api.github.com/users/MaximilianoAcri/following{/other_user}","gists_url":"https://api.github.com/users/MaximilianoAcri/gists{/gist_id}","starred_url":"https://api.github.com/users/MaximilianoAcri/starred{/owner}{/repo}","subscriptions_url":"https://api.github.com/users/MaximilianoAcri/subscriptions","organizations_url":"https://api.github.com/users/MaximilianoAcri/orgs","repos_url":"https://api.github.com/users/MaximilianoAcri/repos","events_url":"https://api.github.com/users/MaximilianoAcri/events{/privacy}","received_events_url":"https://api.github.com/users/MaximilianoAcri/received_events","type":"User","site_admin":false,"name":"Maximiliano Acri","company":null,"blog":"","location":null,"email":null,"hireable":null,"bio":null,"twitter_username":null,"public_repos":1,"public_gists":0,"followers":0,"following":0,"created_at":"2022-08-11T22:15:21Z","updated_at":"2024-06-30T12:07:31Z","private_gists":0,"total_private_repos":8,"owned_private_repos":8,"disk_usage":242564,"collaborators":0,"two_factor_authentication":false,"plan":{"name":"free","space":976562499,"collaborators":0,"private_repos":10000}}
[info] 
[info] +  Success! Logged into GitHub as MaximilianoAcri 
[info] 
[debug] [2024-07-11T16:11:34.617Z] >>> [apiv2][query] GET https://api.github.com/repos//actions/secrets/public-key type=owner
[debug] [2024-07-11T16:11:35.004Z] <<< [apiv2][status] GET https://api.github.com/repos//actions/secrets/public-key 404
[debug] [2024-07-11T16:11:35.004Z] <<< [apiv2][body] GET https://api.github.com/repos//actions/secrets/public-key {"message":"Not Found","documentation_url":"https://docs.github.com/rest","status":"404"}
[info] 
[info] 
[error] !  The provided authorization cannot be used with this repository. If this repository is in an organization, did you remember to grant access? 
[info] 
[info] i  Action required: Visit this URL to ensure access has been granted to the appropriate organization(s) for the Firebase CLI GitHub OAuth App: 
[info] https://github.com/settings/connections/applications/89cf50f02ac6aaed3484
[info] 
[debug] [2024-07-11T16:11:52.489Z] >>> [apiv2][query] GET https://api.github.com/repos//actions/secrets/public-key type=owner
[debug] [2024-07-11T16:11:52.863Z] <<< [apiv2][status] GET https://api.github.com/repos//actions/secrets/public-key 404
[debug] [2024-07-11T16:11:52.863Z] <<< [apiv2][body] GET https://api.github.com/repos//actions/secrets/public-key {"message":"Not Found","documentation_url":"https://docs.github.com/rest","status":"404"}
[info] 
[info] 
[error] !  The provided authorization cannot be used with this repository. If this repository is in an organization, did you remember to grant access? 
[info] 
[info] i  Action required: Visit this URL to ensure access has been granted to the appropriate organization(s) for the Firebase CLI GitHub OAuth App: 
[info] https://github.com/settings/connections/applications/89cf50f02ac6aaed3484
[info] 
[debug] [2024-07-11T16:12:06.979Z] >>> [apiv2][query] GET https://api.github.com/repos//actions/secrets/public-key type=owner
[debug] [2024-07-11T16:12:07.352Z] <<< [apiv2][status] GET https://api.github.com/repos//actions/secrets/public-key 404
[debug] [2024-07-11T16:12:07.352Z] <<< [apiv2][body] GET https://api.github.com/repos//actions/secrets/public-key {"message":"Not Found","documentation_url":"https://docs.github.com/rest","status":"404"}
[info] 
[info] 
[error] !  The provided authorization cannot be used with this repository. If this repository is in an organization, did you remember to grant access? 
[info] 
[info] i  Action required: Visit this URL to ensure access has been granted to the appropriate organization(s) for the Firebase CLI GitHub OAuth App: 
[info] https://github.com/settings/connections/applications/89cf50f02ac6aaed3484
[info] 
[debug] [2024-07-11T16:12:10.040Z] >>> [apiv2][query] GET https://api.github.com/repos/y/actions/secrets/public-key type=owner
[debug] [2024-07-11T16:12:10.329Z] <<< [apiv2][status] GET https://api.github.com/repos/y/actions/secrets/public-key 404
[debug] [2024-07-11T16:12:10.329Z] <<< [apiv2][body] GET https://api.github.com/repos/y/actions/secrets/public-key {"message":"Not Found","documentation_url":"https://docs.github.com/rest","status":"404"}
[info] 
[info] 
[error] !  The provided authorization cannot be used with this repository. If this repository is in an organization, did you remember to grant access? 
[info] 
[info] i  Action required: Visit this URL to ensure access has been granted to the appropriate organization(s) for the Firebase CLI GitHub OAuth App: 
[info] https://github.com/settings/connections/applications/89cf50f02ac6aaed3484
[info] 
[debug] [2024-07-11T16:12:18.626Z] >>> [apiv2][query] GET https://api.github.com/repos/y/actions/secrets/public-key type=owner
[debug] [2024-07-11T16:12:19.015Z] <<< [apiv2][status] GET https://api.github.com/repos/y/actions/secrets/public-key 404
[debug] [2024-07-11T16:12:19.015Z] <<< [apiv2][body] GET https://api.github.com/repos/y/actions/secrets/public-key {"message":"Not Found","documentation_url":"https://docs.github.com/rest","status":"404"}
[info] 
[info] 
[error] !  The provided authorization cannot be used with this repository. If this repository is in an organization, did you remember to grant access? 
[info] 
[info] i  Action required: Visit this URL to ensure access has been granted to the appropriate organization(s) for the Firebase CLI GitHub OAuth App: 
[info] https://github.com/settings/connections/applications/89cf50f02ac6aaed3484
[info] 
[debug] [2024-07-11T16:12:23.222Z] >>> [apiv2][query] GET https://api.github.com/repos/yn/actions/secrets/public-key type=owner
[debug] [2024-07-11T16:12:23.510Z] <<< [apiv2][status] GET https://api.github.com/repos/yn/actions/secrets/public-key 404
[debug] [2024-07-11T16:12:23.510Z] <<< [apiv2][body] GET https://api.github.com/repos/yn/actions/secrets/public-key {"message":"Not Found","documentation_url":"https://docs.github.com/rest","status":"404"}
[info] 
[info] 
[error] !  The provided authorization cannot be used with this repository. If this repository is in an organization, did you remember to grant access? 
[info] 
[info] i  Action required: Visit this URL to ensure access has been granted to the appropriate organization(s) for the Firebase CLI GitHub OAuth App: 
[info] https://github.com/settings/connections/applications/89cf50f02ac6aaed3484
[info] 
[debug] [2024-07-11T16:12:25.744Z] >>> [apiv2][query] GET https://api.github.com/repos/n/actions/secrets/public-key type=owner
[debug] [2024-07-11T16:12:26.041Z] <<< [apiv2][status] GET https://api.github.com/repos/n/actions/secrets/public-key 404
[debug] [2024-07-11T16:12:26.042Z] <<< [apiv2][body] GET https://api.github.com/repos/n/actions/secrets/public-key {"message":"Not Found","documentation_url":"https://docs.github.com/rest","status":"404"}
[info] 
[info] 
[error] !  The provided authorization cannot be used with this repository. If this repository is in an organization, did you remember to grant access? 
[info] 
[info] i  Action required: Visit this URL to ensure access has been granted to the appropriate organization(s) for the Firebase CLI GitHub OAuth App: 
[info] https://github.com/settings/connections/applications/89cf50f02ac6aaed3484
[info] 
[debug] [2024-07-11T16:12:28.266Z] >>> [apiv2][query] GET https://api.github.com/repos//actions/secrets/public-key type=owner
[debug] [2024-07-11T16:12:28.540Z] <<< [apiv2][status] GET https://api.github.com/repos//actions/secrets/public-key 404
[debug] [2024-07-11T16:12:28.540Z] <<< [apiv2][body] GET https://api.github.com/repos//actions/secrets/public-key {"message":"Not Found","documentation_url":"https://docs.github.com/rest","status":"404"}
[info] 
[info] 
[error] !  The provided authorization cannot be used with this repository. If this repository is in an organization, did you remember to grant access? 
[info] 
[info] i  Action required: Visit this URL to ensure access has been granted to the appropriate organization(s) for the Firebase CLI GitHub OAuth App: 
[info] https://github.com/settings/connections/applications/89cf50f02ac6aaed3484
[info] 
[debug] [2024-07-11T16:12:29.306Z] >>> [apiv2][query] GET https://api.github.com/repos//actions/secrets/public-key type=owner
[debug] [2024-07-11T16:12:29.589Z] <<< [apiv2][status] GET https://api.github.com/repos//actions/secrets/public-key 404
[debug] [2024-07-11T16:12:29.589Z] <<< [apiv2][body] GET https://api.github.com/repos//actions/secrets/public-key {"message":"Not Found","documentation_url":"https://docs.github.com/rest","status":"404"}
[info] 
[info] 
[error] !  The provided authorization cannot be used with this repository. If this repository is in an organization, did you remember to grant access? 
[info] 
[info] i  Action required: Visit this URL to ensure access has been granted to the appropriate organization(s) for the Firebase CLI GitHub OAuth App: 
[info] https://github.com/settings/connections/applications/89cf50f02ac6aaed3484
[info] 
[debug] [2024-07-11T16:12:29.886Z] >>> [apiv2][query] GET https://api.github.com/repos//actions/secrets/public-key type=owner
[debug] [2024-07-11T16:12:30.163Z] <<< [apiv2][status] GET https://api.github.com/repos//actions/secrets/public-key 404
[debug] [2024-07-11T16:12:30.164Z] <<< [apiv2][body] GET https://api.github.com/repos//actions/secrets/public-key {"message":"Not Found","documentation_url":"https://docs.github.com/rest","status":"404"}
[info] 
[info] 
[error] !  The provided authorization cannot be used with this repository. If this repository is in an organization, did you remember to grant access? 
[info] 
[info] i  Action required: Visit this URL to ensure access has been granted to the appropriate organization(s) for the Firebase CLI GitHub OAuth App: 
[info] https://github.com/settings/connections/applications/89cf50f02ac6aaed3484
[info] 
[debug] [2024-07-11T16:12:30.385Z] >>> [apiv2][query] GET https://api.github.com/repos//actions/secrets/public-key type=owner
[debug] [2024-07-11T16:12:30.653Z] <<< [apiv2][status] GET https://api.github.com/repos//actions/secrets/public-key 404
[debug] [2024-07-11T16:12:30.654Z] <<< [apiv2][body] GET https://api.github.com/repos//actions/secrets/public-key {"message":"Not Found","documentation_url":"https://docs.github.com/rest","status":"404"}
[info] 
[info] 
[error] !  The provided authorization cannot be used with this repository. If this repository is in an organization, did you remember to grant access? 
[info] 
[info] i  Action required: Visit this URL to ensure access has been granted to the appropriate organization(s) for the Firebase CLI GitHub OAuth App: 
[info] https://github.com/settings/connections/applications/89cf50f02ac6aaed3484
[info] 
[debug] [2024-07-11T16:12:30.833Z] >>> [apiv2][query] GET https://api.github.com/repos//actions/secrets/public-key type=owner
[debug] [2024-07-11T16:12:31.102Z] <<< [apiv2][status] GET https://api.github.com/repos//actions/secrets/public-key 404
[debug] [2024-07-11T16:12:31.102Z] <<< [apiv2][body] GET https://api.github.com/repos//actions/secrets/public-key {"message":"Not Found","documentation_url":"https://docs.github.com/rest","status":"404"}
[info] 
[info] 
[error] !  The provided authorization cannot be used with this repository. If this repository is in an organization, did you remember to grant access? 
[info] 
[info] i  Action required: Visit this URL to ensure access has been granted to the appropriate organization(s) for the Firebase CLI GitHub OAuth App: 
[info] https://github.com/settings/connections/applications/89cf50f02ac6aaed3484
[info] 
[debug] [2024-07-11T16:12:31.471Z] >>> [apiv2][query] GET https://api.github.com/repos//actions/secrets/public-key type=owner
[debug] [2024-07-11T16:12:31.752Z] <<< [apiv2][status] GET https://api.github.com/repos//actions/secrets/public-key 404
[debug] [2024-07-11T16:12:31.752Z] <<< [apiv2][body] GET https://api.github.com/repos//actions/secrets/public-key {"message":"Not Found","documentation_url":"https://docs.github.com/rest","status":"404"}
[info] 
[info] 
[error] !  The provided authorization cannot be used with this repository. If this repository is in an organization, did you remember to grant access? 
[info] 
[info] i  Action required: Visit this URL to ensure access has been granted to the appropriate organization(s) for the Firebase CLI GitHub OAuth App: 
[info] https://github.com/settings/connections/applications/89cf50f02ac6aaed3484
[info] 
[debug] [2024-07-11T16:12:32.573Z] >>> [apiv2][query] GET https://api.github.com/repos//actions/secrets/public-key type=owner
[debug] [2024-07-11T16:12:32.854Z] <<< [apiv2][status] GET https://api.github.com/repos//actions/secrets/public-key 404
[debug] [2024-07-11T16:12:32.854Z] <<< [apiv2][body] GET https://api.github.com/repos//actions/secrets/public-key {"message":"Not Found","documentation_url":"https://docs.github.com/rest","status":"404"}
[info] 
[info] 
[error] !  The provided authorization cannot be used with this repository. If this repository is in an organization, did you remember to grant access? 
[info] 
[info] i  Action required: Visit this URL to ensure access has been granted to the appropriate organization(s) for the Firebase CLI GitHub OAuth App: 
[info] https://github.com/settings/connections/applications/89cf50f02ac6aaed3484
[info] 
[debug] [2024-07-11T16:12:33.219Z] >>> [apiv2][query] GET https://api.github.com/repos//actions/secrets/public-key type=owner
[debug] [2024-07-11T16:12:33.498Z] <<< [apiv2][status] GET https://api.github.com/repos//actions/secrets/public-key 404
[debug] [2024-07-11T16:12:33.498Z] <<< [apiv2][body] GET https://api.github.com/repos//actions/secrets/public-key {"message":"Not Found","documentation_url":"https://docs.github.com/rest","status":"404"}
[info] 
[info] 
[error] !  The provided authorization cannot be used with this repository. If this repository is in an organization, did you remember to grant access? 
[info] 
[info] i  Action required: Visit this URL to ensure access has been granted to the appropriate organization(s) for the Firebase CLI GitHub OAuth App: 
[info] https://github.com/settings/connections/applications/89cf50f02ac6aaed3484
[info] 
[debug] [2024-07-11T16:12:34.134Z] >>> [apiv2][query] GET https://api.github.com/repos//actions/secrets/public-key type=owner
[debug] [2024-07-11T16:12:34.405Z] <<< [apiv2][status] GET https://api.github.com/repos//actions/secrets/public-key 404
[debug] [2024-07-11T16:12:34.405Z] <<< [apiv2][body] GET https://api.github.com/repos//actions/secrets/public-key {"message":"Not Found","documentation_url":"https://docs.github.com/rest","status":"404"}
[info] 
[info] 
[error] !  The provided authorization cannot be used with this repository. If this repository is in an organization, did you remember to grant access? 
[info] 
[info] i  Action required: Visit this URL to ensure access has been granted to the appropriate organization(s) for the Firebase CLI GitHub OAuth App: 
[info] https://github.com/settings/connections/applications/89cf50f02ac6aaed3484
[info] 
[debug] [2024-07-11T16:12:36.300Z] >>> [apiv2][query] GET https://api.github.com/repos//actions/secrets/public-key type=owner
[debug] [2024-07-11T16:12:36.571Z] <<< [apiv2][status] GET https://api.github.com/repos//actions/secrets/public-key 404
[debug] [2024-07-11T16:12:36.571Z] <<< [apiv2][body] GET https://api.github.com/repos//actions/secrets/public-key {"message":"Not Found","documentation_url":"https://docs.github.com/rest","status":"404"}
[info] 
[info] 
[error] !  The provided authorization cannot be used with this repository. If this repository is in an organization, did you remember to grant access? 
[info] 
[info] i  Action required: Visit this URL to ensure access has been granted to the appropriate organization(s) for the Firebase CLI GitHub OAuth App: 
[info] https://github.com/settings/connections/applications/89cf50f02ac6aaed3484
[info] 
[debug] [2024-07-11T16:12:39.306Z] >>> [apiv2][query] GET https://api.github.com/repos//actions/secrets/public-key type=owner
[debug] [2024-07-11T16:12:39.577Z] <<< [apiv2][status] GET https://api.github.com/repos//actions/secrets/public-key 404
[debug] [2024-07-11T16:12:39.577Z] <<< [apiv2][body] GET https://api.github.com/repos//actions/secrets/public-key {"message":"Not Found","documentation_url":"https://docs.github.com/rest","status":"404"}
[info] 
[info] 
[error] !  The provided authorization cannot be used with this repository. If this repository is in an organization, did you remember to grant access? 
[info] 
[info] i  Action required: Visit this URL to ensure access has been granted to the appropriate organization(s) for the Firebase CLI GitHub OAuth App: 
[info] https://github.com/settings/connections/applications/89cf50f02ac6aaed3484
[info] 
[debug] [2024-07-11T16:12:40.738Z] >>> [apiv2][query] GET https://api.github.com/repos//actions/secrets/public-key type=owner
[debug] [2024-07-11T16:12:41.026Z] <<< [apiv2][status] GET https://api.github.com/repos//actions/secrets/public-key 404
[debug] [2024-07-11T16:12:41.026Z] <<< [apiv2][body] GET https://api.github.com/repos//actions/secrets/public-key {"message":"Not Found","documentation_url":"https://docs.github.com/rest","status":"404"}
[info] 
[info] 
[error] !  The provided authorization cannot be used with this repository. If this repository is in an organization, did you remember to grant access? 
[info] 
[info] i  Action required: Visit this URL to ensure access has been granted to the appropriate organization(s) for the Firebase CLI GitHub OAuth App: 
[info] https://github.com/settings/connections/applications/89cf50f02ac6aaed3484
[info] 
[debug] [2024-07-11T16:12:52.105Z] >>> [apiv2][query] GET https://api.github.com/repos//actions/secrets/public-key type=owner
[debug] [2024-07-11T16:12:52.498Z] <<< [apiv2][status] GET https://api.github.com/repos//actions/secrets/public-key 404
[debug] [2024-07-11T16:12:52.498Z] <<< [apiv2][body] GET https://api.github.com/repos//actions/secrets/public-key {"message":"Not Found","documentation_url":"https://docs.github.com/rest","status":"404"}
[info] 
[info] 
[error] !  The provided authorization cannot be used with this repository. If this repository is in an organization, did you remember to grant access? 
[info] 
[info] i  Action required: Visit this URL to ensure access has been granted to the appropriate organization(s) for the Firebase CLI GitHub OAuth App: 
[info] https://github.com/settings/connections/applications/89cf50f02ac6aaed3484
[info] 
[debug] [2024-07-11T16:13:07.367Z] >>> [apiv2][query] GET https://api.github.com/repos//actions/secrets/public-key type=owner
[debug] [2024-07-11T16:13:07.750Z] <<< [apiv2][status] GET https://api.github.com/repos//actions/secrets/public-key 404
[debug] [2024-07-11T16:13:07.750Z] <<< [apiv2][body] GET https://api.github.com/repos//actions/secrets/public-key {"message":"Not Found","documentation_url":"https://docs.github.com/rest","status":"404"}
[info] 
[info] 
[error] !  The provided authorization cannot be used with this repository. If this repository is in an organization, did you remember to grant access? 
[info] 
[info] i  Action required: Visit this URL to ensure access has been granted to the appropriate organization(s) for the Firebase CLI GitHub OAuth App: 
[info] https://github.com/settings/connections/applications/89cf50f02ac6aaed3484
[info] 
[debug] [2024-07-11T18:03:35.690Z] ----------------------------------------------------------------------
[debug] [2024-07-11T18:03:35.694Z] Command:       C:\Users\Maximiliano Acri\.nvm\versions\node\v18.17.0\bin\node.exe C:\Users\Maximiliano Acri\.nvm\versions\node\v18.17.0\bin\node_modules\firebase-tools\lib\bin\firebase.js init
[debug] [2024-07-11T18:03:35.695Z] CLI Version:   13.13.2
[debug] [2024-07-11T18:03:35.695Z] Platform:      win32
[debug] [2024-07-11T18:03:35.695Z] Node Version:  v18.17.0
[debug] [2024-07-11T18:03:35.697Z] Time:          Thu Jul 11 2024 15:03:35 GMT-0300 (hora estándar de Argentina)
[debug] [2024-07-11T18:03:35.697Z] ----------------------------------------------------------------------
[debug] 
[debug] [2024-07-11T18:03:35.711Z] > command requires scopes: ["email","openid","https://www.googleapis.com/auth/cloudplatformprojects.readonly","https://www.googleapis.com/auth/firebase","https://www.googleapis.com/auth/cloud-platform"]
[debug] [2024-07-11T18:03:35.712Z] > authorizing via signed-in user (maximilianoacri1@gmail.com)
[info] 
     ######## #### ########  ######## ########     ###     ######  ########
     ##        ##  ##     ## ##       ##     ##  ##   ##  ##       ##
     ######    ##  ########  ######   ########  #########  ######  ######
     ##        ##  ##    ##  ##       ##     ## ##     ##       ## ##
     ##       #### ##     ## ######## ########  ##     ##  ######  ########

You're about to initialize a Firebase project in this directory:

  C:\Users\Maximiliano Acri\Desktop\GRCshield

[info] 
=== Project Setup
[info] 
[info] First, let's associate this project directory with a Firebase project.
[info] You can create multiple project aliases by running firebase use --add, 
[info] but for now we'll just set up a default project.
[info] 
[debug] [2024-07-11T18:03:45.190Z] >>> [apiv2][query] GET https://firebase.googleapis.com/v1beta1/projects pageSize=100
[debug] [2024-07-11T18:03:45.852Z] <<< [apiv2][status] GET https://firebase.googleapis.com/v1beta1/projects 200
[debug] [2024-07-11T18:03:45.852Z] <<< [apiv2][body] GET https://firebase.googleapis.com/v1beta1/projects [omitted]
[info] i  Using project ultradeeptech (ultradeeptech) 
[info] 
=== Database Setup
[info] i  database: ensuring required API firebasedatabase.googleapis.com is enabled... 
[debug] [2024-07-11T18:03:46.906Z] >>> [apiv2][query] GET https://serviceusage.googleapis.com/v1/projects/ultradeeptech/services/firebasedatabase.googleapis.com [none]
[debug] [2024-07-11T18:03:46.906Z] >>> [apiv2][(partial)header] GET https://serviceusage.googleapis.com/v1/projects/ultradeeptech/services/firebasedatabase.googleapis.com x-goog-quota-user=projects/ultradeeptech
[debug] [2024-07-11T18:03:48.109Z] <<< [apiv2][status] GET https://serviceusage.googleapis.com/v1/projects/ultradeeptech/services/firebasedatabase.googleapis.com 200
[debug] [2024-07-11T18:03:48.109Z] <<< [apiv2][body] GET https://serviceusage.googleapis.com/v1/projects/ultradeeptech/services/firebasedatabase.googleapis.com [omitted]
[info] +  database: required API firebasedatabase.googleapis.com is enabled 
[info] 
[debug] [2024-07-11T18:03:48.111Z] >>> [apiv2][query] GET https://firebasedatabase.googleapis.com/v1beta/projects/ultradeeptech/locations/-/instances/ultradeeptech-default-rtdb [none]
[debug] [2024-07-11T18:03:49.194Z] <<< [apiv2][status] GET https://firebasedatabase.googleapis.com/v1beta/projects/ultradeeptech/locations/-/instances/ultradeeptech-default-rtdb 200
[debug] [2024-07-11T18:03:49.194Z] <<< [apiv2][body] GET https://firebasedatabase.googleapis.com/v1beta/projects/ultradeeptech/locations/-/instances/ultradeeptech-default-rtdb {"name":"projects/934866038204/locations/us-central1/instances/ultradeeptech-default-rtdb","project":"projects/934866038204","databaseUrl":"https://ultradeeptech-default-rtdb.firebaseio.com","type":"DEFAULT_DATABASE","state":"ACTIVE"}
[info] 
[info] Firebase Realtime Database Security Rules allow you to define how your data should be
[info] structured and when your data can be read from and written to.
[info] 
[debug] [2024-07-11T18:03:53.336Z] >>> [apiv2][query] GET https://ultradeeptech-default-rtdb.firebaseio.com/.settings/rules.json [none]
[debug] [2024-07-11T18:03:53.886Z] <<< [apiv2][status] GET https://ultradeeptech-default-rtdb.firebaseio.com/.settings/rules.json 200
[debug] [2024-07-11T18:03:53.886Z] <<< [apiv2][body] GET https://ultradeeptech-default-rtdb.firebaseio.com/.settings/rules.json [stream]
[info] +  Database Rules for ultradeeptech-default-rtdb have been written to database.rules.json. 
[info] Future modifications to database.rules.json will update Realtime Database Security Rules when you run
[info] firebase deploy.
[info] 
=== Firestore Setup
[debug] [2024-07-11T18:03:53.893Z] >>> [apiv2][query] GET https://serviceusage.googleapis.com/v1/projects/ultradeeptech/services/firestore.googleapis.com [none]
[debug] [2024-07-11T18:03:53.893Z] >>> [apiv2][(partial)header] GET https://serviceusage.googleapis.com/v1/projects/ultradeeptech/services/firestore.googleapis.com x-goog-quota-user=projects/ultradeeptech
[debug] [2024-07-11T18:03:54.967Z] <<< [apiv2][status] GET https://serviceusage.googleapis.com/v1/projects/ultradeeptech/services/firestore.googleapis.com 200
[debug] [2024-07-11T18:03:54.968Z] <<< [apiv2][body] GET https://serviceusage.googleapis.com/v1/projects/ultradeeptech/services/firestore.googleapis.com [omitted]
[debug] [2024-07-11T18:03:54.968Z] >>> [apiv2][query] GET https://firestore.googleapis.com/v1/projects/ultradeeptech/databases/(default) [none]
[debug] [2024-07-11T18:03:56.065Z] <<< [apiv2][status] GET https://firestore.googleapis.com/v1/projects/ultradeeptech/databases/(default) 200
[debug] [2024-07-11T18:03:56.065Z] <<< [apiv2][body] GET https://firestore.googleapis.com/v1/projects/ultradeeptech/databases/(default) {"name":"projects/ultradeeptech/databases/(default)","uid":"26d25bdd-9628-4895-b085-e58f1a50cbc5","createTime":"2024-07-11T14:46:10.992309Z","updateTime":"2024-07-11T14:46:10.992309Z","locationId":"nam5","type":"FIRESTORE_NATIVE","concurrencyMode":"PESSIMISTIC","versionRetentionPeriod":"3600s","earliestVersionTime":"2024-07-11T17:03:56.455775Z","appEngineIntegrationMode":"DISABLED","keyPrefix":"s","pointInTimeRecoveryEnablement":"POINT_IN_TIME_RECOVERY_DISABLED","deleteProtectionState":"DELETE_PROTECTION_DISABLED","etag":"IMjairHJn4cDMOuSsYinn4cD"}
[debug] [2024-07-11T18:03:56.066Z] database_type: FIRESTORE_NATIVE
[debug] [2024-07-11T18:03:56.066Z] > command requires scopes: ["email","openid","https://www.googleapis.com/auth/cloudplatformprojects.readonly","https://www.googleapis.com/auth/firebase","https://www.googleapis.com/auth/cloud-platform"]
[debug] [2024-07-11T18:03:56.066Z] > authorizing via signed-in user (maximilianoacri1@gmail.com)
[debug] [2024-07-11T18:03:56.066Z] [iam] checking project ultradeeptech for permissions ["firebase.projects.get"]
[debug] [2024-07-11T18:03:56.067Z] >>> [apiv2][query] POST https://cloudresourcemanager.googleapis.com/v1/projects/ultradeeptech:testIamPermissions [none]
[debug] [2024-07-11T18:03:56.068Z] >>> [apiv2][(partial)header] POST https://cloudresourcemanager.googleapis.com/v1/projects/ultradeeptech:testIamPermissions x-goog-quota-user=projects/ultradeeptech
[debug] [2024-07-11T18:03:56.068Z] >>> [apiv2][body] POST https://cloudresourcemanager.googleapis.com/v1/projects/ultradeeptech:testIamPermissions {"permissions":["firebase.projects.get"]}
[debug] [2024-07-11T18:03:57.155Z] <<< [apiv2][status] POST https://cloudresourcemanager.googleapis.com/v1/projects/ultradeeptech:testIamPermissions 200
[debug] [2024-07-11T18:03:57.155Z] <<< [apiv2][body] POST https://cloudresourcemanager.googleapis.com/v1/projects/ultradeeptech:testIamPermissions {"permissions":["firebase.projects.get"]}
[info] 
[info] Firestore Security Rules allow you to define how and when to allow
[info] requests. You can keep these rules in your project directory
[info] and publish them with firebase deploy.
[info] 
[debug] [2024-07-11T18:04:04.643Z] >>> [apiv2][query] GET https://firebaserules.googleapis.com/v1/projects/ultradeeptech/releases pageSize=10&pageToken=
[debug] [2024-07-11T18:04:06.012Z] <<< [apiv2][status] GET https://firebaserules.googleapis.com/v1/projects/ultradeeptech/releases 200
[debug] [2024-07-11T18:04:06.012Z] <<< [apiv2][body] GET https://firebaserules.googleapis.com/v1/projects/ultradeeptech/releases {"releases":[{"name":"projects/ultradeeptech/releases/cloud.firestore","rulesetName":"projects/ultradeeptech/rulesets/419ca50d-b55a-4e55-944c-cfab4dfbec70","createTime":"2024-07-11T14:46:38.001853Z","updateTime":"2024-07-11T14:46:38.001853Z"}]}
[debug] [2024-07-11T18:04:06.012Z] Found ruleset: projects/ultradeeptech/rulesets/419ca50d-b55a-4e55-944c-cfab4dfbec70
[debug] [2024-07-11T18:04:06.013Z] >>> [apiv2][query] GET https://firebaserules.googleapis.com/v1/projects/ultradeeptech/rulesets/419ca50d-b55a-4e55-944c-cfab4dfbec70 [none]
[debug] [2024-07-11T18:04:06.441Z] <<< [apiv2][status] GET https://firebaserules.googleapis.com/v1/projects/ultradeeptech/rulesets/419ca50d-b55a-4e55-944c-cfab4dfbec70 200
[debug] [2024-07-11T18:04:06.441Z] <<< [apiv2][body] GET https://firebaserules.googleapis.com/v1/projects/ultradeeptech/rulesets/419ca50d-b55a-4e55-944c-cfab4dfbec70 [omitted]
[info] 
[info] Firestore indexes allow you to perform complex queries while
[info] maintaining performance that scales with the size of the result
[info] set. You can keep index definitions in your project directory
[info] and publish them with firebase deploy.
[info] 
[debug] [2024-07-11T18:04:18.686Z] >>> [apiv2][query] GET https://firestore.googleapis.com/v1/projects/ultradeeptech/databases/(default)/collectionGroups/-/indexes [none]
[debug] [2024-07-11T18:04:18.689Z] >>> [apiv2][query] GET https://firestore.googleapis.com/v1/projects/ultradeeptech/databases/(default)/collectionGroups/-/fields?filter=indexConfig.usesAncestorConfig=false OR ttlConfig:* [none]
[debug] [2024-07-11T18:04:19.809Z] <<< [apiv2][status] GET https://firestore.googleapis.com/v1/projects/ultradeeptech/databases/(default)/collectionGroups/-/fields?filter=indexConfig.usesAncestorConfig=false OR ttlConfig:* 200
[debug] [2024-07-11T18:04:19.809Z] <<< [apiv2][body] GET https://firestore.googleapis.com/v1/projects/ultradeeptech/databases/(default)/collectionGroups/-/fields?filter=indexConfig.usesAncestorConfig=false OR ttlConfig:* {"fields":[{"name":"projects/ultradeeptech/databases/(default)/collectionGroups/__default__/fields/*","indexConfig":{"indexes":[{"queryScope":"COLLECTION","fields":[{"fieldPath":"*","order":"ASCENDING"}],"state":"READY"},{"queryScope":"COLLECTION","fields":[{"fieldPath":"*","order":"DESCENDING"}],"state":"READY"},{"queryScope":"COLLECTION","fields":[{"fieldPath":"*","arrayConfig":"CONTAINS"}],"state":"READY"}]}}]}
[debug] [2024-07-11T18:04:19.822Z] <<< [apiv2][status] GET https://firestore.googleapis.com/v1/projects/ultradeeptech/databases/(default)/collectionGroups/-/indexes 200
[debug] [2024-07-11T18:04:19.823Z] <<< [apiv2][body] GET https://firestore.googleapis.com/v1/projects/ultradeeptech/databases/(default)/collectionGroups/-/indexes {}
[info] 
=== Functions Setup
[debug] [2024-07-11T18:04:19.826Z] > command requires scopes: ["email","openid","https://www.googleapis.com/auth/cloudplatformprojects.readonly","https://www.googleapis.com/auth/firebase","https://www.googleapis.com/auth/cloud-platform"]
[debug] [2024-07-11T18:04:19.828Z] > authorizing via signed-in user (maximilianoacri1@gmail.com)
[debug] [2024-07-11T18:04:19.828Z] [iam] checking project ultradeeptech for permissions ["firebase.projects.get"]
[debug] [2024-07-11T18:04:19.829Z] >>> [apiv2][query] POST https://cloudresourcemanager.googleapis.com/v1/projects/ultradeeptech:testIamPermissions [none]
[debug] [2024-07-11T18:04:19.829Z] >>> [apiv2][(partial)header] POST https://cloudresourcemanager.googleapis.com/v1/projects/ultradeeptech:testIamPermissions x-goog-quota-user=projects/ultradeeptech
[debug] [2024-07-11T18:04:19.829Z] >>> [apiv2][body] POST https://cloudresourcemanager.googleapis.com/v1/projects/ultradeeptech:testIamPermissions {"permissions":["firebase.projects.get"]}
[debug] [2024-07-11T18:04:20.695Z] <<< [apiv2][status] POST https://cloudresourcemanager.googleapis.com/v1/projects/ultradeeptech:testIamPermissions 200
[debug] [2024-07-11T18:04:20.695Z] <<< [apiv2][body] POST https://cloudresourcemanager.googleapis.com/v1/projects/ultradeeptech:testIamPermissions {"permissions":["firebase.projects.get"]}
[debug] [2024-07-11T18:04:20.696Z] >>> [apiv2][query] GET https://serviceusage.googleapis.com/v1/projects/ultradeeptech/services/cloudfunctions.googleapis.com [none]
[debug] [2024-07-11T18:04:20.696Z] >>> [apiv2][(partial)header] GET https://serviceusage.googleapis.com/v1/projects/ultradeeptech/services/cloudfunctions.googleapis.com x-goog-quota-user=projects/ultradeeptech
[debug] [2024-07-11T18:04:20.699Z] >>> [apiv2][query] GET https://serviceusage.googleapis.com/v1/projects/ultradeeptech/services/runtimeconfig.googleapis.com [none]
[debug] [2024-07-11T18:04:20.699Z] >>> [apiv2][(partial)header] GET https://serviceusage.googleapis.com/v1/projects/ultradeeptech/services/runtimeconfig.googleapis.com x-goog-quota-user=projects/ultradeeptech
[debug] [2024-07-11T18:04:21.810Z] <<< [apiv2][status] GET https://serviceusage.googleapis.com/v1/projects/ultradeeptech/services/runtimeconfig.googleapis.com 200
[debug] [2024-07-11T18:04:21.810Z] <<< [apiv2][body] GET https://serviceusage.googleapis.com/v1/projects/ultradeeptech/services/runtimeconfig.googleapis.com [omitted]
[debug] [2024-07-11T18:04:21.856Z] <<< [apiv2][status] GET https://serviceusage.googleapis.com/v1/projects/ultradeeptech/services/cloudfunctions.googleapis.com 200
[debug] [2024-07-11T18:04:21.857Z] <<< [apiv2][body] GET https://serviceusage.googleapis.com/v1/projects/ultradeeptech/services/cloudfunctions.googleapis.com [omitted]
[info] Let's create a new codebase for your functions.
[info] A directory corresponding to the codebase will be created in your project
[info] with sample code pre-configured.

[info] See https://firebase.google.com/docs/functions/organize-functions for
[info] more information on organizing your functions using codebases.

[info] Functions can be deployed with firebase deploy.

[info] +  Wrote functions/package.json 
[info] +  Wrote functions/.eslintrc.js 
[info] +  Wrote functions/index.js 
[info] +  Wrote functions/.gitignore 
[info] 
=== Hosting Setup
[debug] [2024-07-11T18:04:38.185Z] >>> [apiv2][query] GET https://firebase.googleapis.com/v1beta1/projects/ultradeeptech [none]
[debug] [2024-07-11T18:04:38.568Z] <<< [apiv2][status] GET https://firebase.googleapis.com/v1beta1/projects/ultradeeptech 200
[debug] [2024-07-11T18:04:38.568Z] <<< [apiv2][body] GET https://firebase.googleapis.com/v1beta1/projects/ultradeeptech {"projectId":"ultradeeptech","projectNumber":"934866038204","displayName":"ultradeeptech","name":"projects/ultradeeptech","resources":{"hostingSite":"ultradeeptech","realtimeDatabaseInstance":"ultradeeptech-default-rtdb"},"state":"ACTIVE","etag":"1_921a69d8-af80-41ef-bea1-b1f9e9f3df25"}
[info] 
[info] Your public directory is the folder (relative to your project directory) that
[info] will contain Hosting assets to be uploaded with firebase deploy. If you
[info] have a build process for your assets, use your build's output directory.
[info] 
[debug] [2024-07-11T18:04:53.518Z] >>> [apiv2][query] GET https://www.gstatic.com/firebasejs/releases.json [none]
[debug] [2024-07-11T18:04:53.648Z] <<< [apiv2][status] GET https://www.gstatic.com/firebasejs/releases.json 200
[debug] [2024-07-11T18:04:53.648Z] <<< [apiv2][body] GET https://www.gstatic.com/firebasejs/releases.json {"current":{"version":"10.12.3","browserURL":"https://www.gstatic.com/firebasejs/10.12.3/firebase.js","packageURL":"https://www.gstatic.com/firebasejs/10.12.3/firebase.tgz"},"live":{"version":"10.12","browserURL":"https://www.gstatic.com/firebasejs/live/10.12/firebase.js","packageURL":"https://www.gstatic.com/firebasejs/live/10.12/firebase.tgz"},"components":{"analytics":"https://www.gstatic.com/firebasejs/10.12.3/firebase-analytics.js","app":"https://www.gstatic.com/firebasejs/10.12.3/firebase-app.js","app-check":"https://www.gstatic.com/firebasejs/10.12.3/firebase-app-check.js","auth":"https://www.gstatic.com/firebasejs/10.12.3/firebase-auth.js","auth/cordova":"https://www.gstatic.com/firebasejs/10.12.3/firebase-auth/cordova.js","auth/web-extension":"https://www.gstatic.com/firebasejs/10.12.3/firebase-auth/web-extension.js","functions":"https://www.gstatic.com/firebasejs/10.12.3/firebase-functions.js","firestore":"https://www.gstatic.com/firebasejs/10.12.3/firebase-firestore.js","firestore/lite":"https://www.gstatic.com/firebasejs/10.12.3/firebase-firestore/lite.js","installations":"https://www.gstatic.com/firebasejs/10.12.3/firebase-installations.js","storage":"https://www.gstatic.com/firebasejs/10.12.3/firebase-storage.js","performance":"https://www.gstatic.com/firebasejs/10.12.3/firebase-performance.js","remote-config":"https://www.gstatic.com/firebasejs/10.12.3/firebase-remote-config.js","messaging":"https://www.gstatic.com/firebasejs/10.12.3/firebase-messaging.js","messaging/sw":"https://www.gstatic.com/firebasejs/10.12.3/firebase-messaging/sw.js","database":"https://www.gstatic.com/firebasejs/10.12.3/firebase-database.js","vertexai-preview":"https://www.gstatic.com/firebasejs/10.12.3/firebase-vertexai-preview.js","firestore.memory":"https://www.gstatic.com/firebasejs/10.12.3/firebase-firestore.memory.js"}}
[info] +  Wrote public/index.html 
[info] 
[info] i  Detected a .git folder at C:\Users\Maximiliano Acri\Desktop\GRCshield 
[info] i  Authorizing with GitHub to upload your service account to a GitHub repository's secrets store. 
[info] 
[info] Visit this URL on this device to log in:
[info] https://github.com/login/oauth/authorize?client_id=89cf50f02ac6aaed3484&state=308210978&redirect_uri=http%3A%2F%2Flocalhost%3A9005&scope=read%3Auser%20repo%20public_repo
[info] 
[info] Waiting for authentication...
[debug] [2024-07-11T18:04:57.445Z] >>> [apiv2][query] POST https://github.com/login/oauth/access_token [none]
[debug] [2024-07-11T18:04:57.445Z] >>> [apiv2][body] POST https://github.com/login/oauth/access_token [stream]
[debug] [2024-07-11T18:04:57.953Z] <<< [apiv2][status] POST https://github.com/login/oauth/access_token 200
[debug] [2024-07-11T18:04:57.953Z] <<< [apiv2][body] POST https://github.com/login/oauth/access_token {"access_token":"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","token_type":"bearer","scope":"read:user,repo"}
[debug] [2024-07-11T18:04:57.963Z] >>> [apiv2][query] GET https://api.github.com/user [none]
[debug] [2024-07-11T18:04:58.492Z] <<< [apiv2][status] GET https://api.github.com/user 200
[debug] [2024-07-11T18:04:58.493Z] <<< [apiv2][body] GET https://api.github.com/user {"login":"MaximilianoAcri","id":111093853,"node_id":"U_kgDOBp8oXQ","avatar_url":"https://avatars.githubusercontent.com/u/111093853?v=4","gravatar_id":"","url":"https://api.github.com/users/MaximilianoAcri","html_url":"https://github.com/MaximilianoAcri","followers_url":"https://api.github.com/users/MaximilianoAcri/followers","following_url":"https://api.github.com/users/MaximilianoAcri/following{/other_user}","gists_url":"https://api.github.com/users/MaximilianoAcri/gists{/gist_id}","starred_url":"https://api.github.com/users/MaximilianoAcri/starred{/owner}{/repo}","subscriptions_url":"https://api.github.com/users/MaximilianoAcri/subscriptions","organizations_url":"https://api.github.com/users/MaximilianoAcri/orgs","repos_url":"https://api.github.com/users/MaximilianoAcri/repos","events_url":"https://api.github.com/users/MaximilianoAcri/events{/privacy}","received_events_url":"https://api.github.com/users/MaximilianoAcri/received_events","type":"User","site_admin":false,"name":"Maximiliano Acri","company":null,"blog":"","location":null,"email":null,"hireable":null,"bio":null,"twitter_username":null,"public_repos":1,"public_gists":0,"followers":0,"following":0,"created_at":"2022-08-11T22:15:21Z","updated_at":"2024-06-30T12:07:31Z","private_gists":0,"total_private_repos":8,"owned_private_repos":8,"disk_usage":242564,"collaborators":0,"two_factor_authentication":false,"plan":{"name":"free","space":976562499,"collaborators":0,"private_repos":10000}}
[info] 
[info] +  Success! Logged into GitHub as MaximilianoAcri 
[info] 
[debug] [2024-07-11T18:05:21.616Z] >>> [apiv2][query] GET https://api.github.com/repos//actions/secrets/public-key type=owner
[debug] [2024-07-11T18:05:22.029Z] <<< [apiv2][status] GET https://api.github.com/repos//actions/secrets/public-key 404
[debug] [2024-07-11T18:05:22.029Z] <<< [apiv2][body] GET https://api.github.com/repos//actions/secrets/public-key {"message":"Not Found","documentation_url":"https://docs.github.com/rest","status":"404"}
[info] 
[info] 
[error] !  The provided authorization cannot be used with this repository. If this repository is in an organization, did you remember to grant access? 
[info] 
[info] i  Action required: Visit this URL to ensure access has been granted to the appropriate organization(s) for the Firebase CLI GitHub OAuth App: 
[info] https://github.com/settings/connections/applications/89cf50f02ac6aaed3484
[info] 
[debug] [2024-07-11T18:06:02.350Z] >>> [apiv2][query] GET https://api.github.com/repos//actions/secrets/public-key type=owner
[debug] [2024-07-11T18:06:02.739Z] <<< [apiv2][status] GET https://api.github.com/repos//actions/secrets/public-key 404
[debug] [2024-07-11T18:06:02.739Z] <<< [apiv2][body] GET https://api.github.com/repos//actions/secrets/public-key {"message":"Not Found","documentation_url":"https://docs.github.com/rest","status":"404"}
[info] 
[info] 
[error] !  The provided authorization cannot be used with this repository. If this repository is in an organization, did you remember to grant access? 
[info] 
[info] i  Action required: Visit this URL to ensure access has been granted to the appropriate organization(s) for the Firebase CLI GitHub OAuth App: 
[info] https://github.com/settings/connections/applications/89cf50f02ac6aaed3484
[info] 
[debug] [2024-07-11T18:07:03.156Z] >>> [apiv2][query] GET https://api.github.com/repos//actions/secrets/public-key type=owner
[debug] [2024-07-11T18:07:03.543Z] <<< [apiv2][status] GET https://api.github.com/repos//actions/secrets/public-key 404
[debug] [2024-07-11T18:07:03.543Z] <<< [apiv2][body] GET https://api.github.com/repos//actions/secrets/public-key {"message":"Not Found","documentation_url":"https://docs.github.com/rest","status":"404"}
[info] 
[info] 
[error] !  The provided authorization cannot be used with this repository. If this repository is in an organization, did you remember to grant access? 
[info] 
[info] i  Action required: Visit this URL to ensure access has been granted to the appropriate organization(s) for the Firebase CLI GitHub OAuth App: 
[info] https://github.com/settings/connections/applications/89cf50f02ac6aaed3484
[info] 
[debug] [2024-07-11T18:12:21.633Z] >>> [apiv2][query] GET https://api.github.com/repos//actions/secrets/public-key type=owner
[debug] [2024-07-11T18:12:22.055Z] <<< [apiv2][status] GET https://api.github.com/repos//actions/secrets/public-key 404
[debug] [2024-07-11T18:12:22.055Z] <<< [apiv2][body] GET https://api.github.com/repos//actions/secrets/public-key {"message":"Not Found","documentation_url":"https://docs.github.com/rest","status":"404"}
[info] 
[info] 
[error] !  The provided authorization cannot be used with this repository. If this repository is in an organization, did you remember to grant access? 
[info] 
[info] i  Action required: Visit this URL to ensure access has been granted to the appropriate organization(s) for the Firebase CLI GitHub OAuth App: 
[info] https://github.com/settings/connections/applications/89cf50f02ac6aaed3484
[info] 
[debug] [2024-07-11T18:12:23.669Z] >>> [apiv2][query] GET https://api.github.com/repos//actions/secrets/public-key type=owner
[debug] [2024-07-11T18:12:24.065Z] <<< [apiv2][status] GET https://api.github.com/repos//actions/secrets/public-key 404
[debug] [2024-07-11T18:12:24.066Z] <<< [apiv2][body] GET https://api.github.com/repos//actions/secrets/public-key {"message":"Not Found","documentation_url":"https://docs.github.com/rest","status":"404"}
[info] 
[info] 
[error] !  The provided authorization cannot be used with this repository. If this repository is in an organization, did you remember to grant access? 
[info] 
[info] i  Action required: Visit this URL to ensure access has been granted to the appropriate organization(s) for the Firebase CLI GitHub OAuth App: 
[info] https://github.com/settings/connections/applications/89cf50f02ac6aaed3484
[info] 
[debug] [2024-07-11T18:12:28.126Z] >>> [apiv2][query] GET https://api.github.com/repos/firebase deploy/actions/secrets/public-key type=owner
[debug] [2024-07-11T18:12:28.926Z] <<< [apiv2][status] GET https://api.github.com/repos/firebase deploy/actions/secrets/public-key 404
[debug] [2024-07-11T18:12:28.926Z] <<< [apiv2][body] GET https://api.github.com/repos/firebase deploy/actions/secrets/public-key {"message":"Not Found","documentation_url":"https://docs.github.com/rest","status":"404"}
[info] 
[info] 
[error] !  The provided authorization cannot be used with this repository. If this repository is in an organization, did you remember to grant access? 
[info] 
[info] i  Action required: Visit this URL to ensure access has been granted to the appropriate organization(s) for the Firebase CLI GitHub OAuth App: 
[info] https://github.com/settings/connections/applications/89cf50f02ac6aaed3484
[info] 
[debug] [2024-07-11T18:18:07.191Z] >>> [apiv2][query] GET https://api.github.com/repos//actions/secrets/public-key type=owner
[debug] [2024-07-11T18:18:07.638Z] <<< [apiv2][status] GET https://api.github.com/repos//actions/secrets/public-key 404
[debug] [2024-07-11T18:18:07.638Z] <<< [apiv2][body] GET https://api.github.com/repos//actions/secrets/public-key {"message":"Not Found","documentation_url":"https://docs.github.com/rest","status":"404"}
[info] 
[info] 
[error] !  The provided authorization cannot be used with this repository. If this repository is in an organization, did you remember to grant access? 
[info] 
[info] i  Action required: Visit this URL to ensure access has been granted to the appropriate organization(s) for the Firebase CLI GitHub OAuth App: 
[info] https://github.com/settings/connections/applications/89cf50f02ac6aaed3484
[info] 
[debug] [2024-07-11T18:26:45.094Z] >>> [apiv2][query] GET https://api.github.com/repos//actions/secrets/public-key type=owner
[debug] [2024-07-11T18:26:45.515Z] <<< [apiv2][status] GET https://api.github.com/repos//actions/secrets/public-key 404
[debug] [2024-07-11T18:26:45.515Z] <<< [apiv2][body] GET https://api.github.com/repos//actions/secrets/public-key {"message":"Not Found","documentation_url":"https://docs.github.com/rest","status":"404"}
[info] 
[info] 
[error] !  The provided authorization cannot be used with this repository. If this repository is in an organization, did you remember to grant access? 
[info] 
[info] i  Action required: Visit this URL to ensure access has been granted to the appropriate organization(s) for the Firebase CLI GitHub OAuth App: 
[info] https://github.com/settings/connections/applications/89cf50f02ac6aaed3484
[info] 
[debug] [2024-07-11T18:28:45.234Z] >>> [apiv2][query] GET https://api.github.com/repos//actions/secrets/public-key type=owner
[debug] [2024-07-11T18:28:45.622Z] <<< [apiv2][status] GET https://api.github.com/repos//actions/secrets/public-key 404
[debug] [2024-07-11T18:28:45.622Z] <<< [apiv2][body] GET https://api.github.com/repos//actions/secrets/public-key {"message":"Not Found","documentation_url":"https://docs.github.com/rest","status":"404"}
[info] 
[info] 
[error] !  The provided authorization cannot be used with this repository. If this repository is in an organization, did you remember to grant access? 
[info] 
[info] i  Action required: Visit this URL to ensure access has been granted to the appropriate organization(s) for the Firebase CLI GitHub OAuth App: 
[info] https://github.com/settings/connections/applications/89cf50f02ac6aaed3484
[info] 
